<?xml version="1.0" encoding="UTF-8"?>
<!-- Generated by org.testng.reporters.JUnitReportReporter -->
<testsuite skipped="0" hostname="LINDEL00149" name="tests.Register_User_Unsucessful" tests="1" failures="0" timestamp="21 Apr 2020 16:37:26 GMT" time="7.926" errors="0">
  <testcase name="TestRegister_Post" time="7.926" classname="tests.Register_User_Unsucessful"/>
</testsuite> <!-- tests.Register_User_Unsucessful -->
