<?xml version="1.0" encoding="UTF-8"?>
<!-- Generated by org.testng.reporters.JUnitReportReporter -->
<testsuite skipped="0" hostname="LINDEL00149" name="Test_Validate.APIAndDataBaseValidation" tests="1" failures="0" timestamp="05 Sep 2019 08:40:06 GMT" time="0.055" errors="0">
  <testcase name="testAPIAndData" time="0.055" classname="Test_Validate.APIAndDataBaseValidation"/>
</testsuite> <!-- Test_Validate.APIAndDataBaseValidation -->
