<?xml version="1.0" encoding="UTF-8"?>
<!-- Generated by org.testng.reporters.JUnitReportReporter -->
<testsuite skipped="0" hostname="LINDEL00149" name="tests.RegisterUser_Post_PostRequest" tests="1" failures="0" timestamp="22 Apr 2020 14:30:05 GMT" time="2.564" errors="0">
  <testcase name="validate_User_able_to_Register" time="2.564" classname="tests.RegisterUser_Post_PostRequest"/>
</testsuite> <!-- tests.RegisterUser_Post_PostRequest -->
