<?xml version="1.0" encoding="UTF-8"?>
<!-- Generated by org.testng.reporters.JUnitReportReporter -->
<testsuite skipped="0" hostname="LINDEL00149" name="tests.Update_user_Update_Request" tests="1" failures="0" timestamp="22 Apr 2020 14:30:05 GMT" time="2.191" errors="0">
  <testcase name="validate_User_able_to_update_Current_resources" time="2.191" classname="tests.Update_user_Update_Request"/>
</testsuite> <!-- tests.Update_user_Update_Request -->
