<?xml version="1.0" encoding="UTF-8"?>
<!-- Generated by org.testng.reporters.JUnitReportReporter -->
<testsuite skipped="0" hostname="HTINL6284" name="utility.ReadtxtFile" tests="1" failures="0" timestamp="28 Jun 2019 06:10:13 GMT" time="0.014" errors="0">
  <testcase name="verifyline" time="0.014" classname="utility.ReadtxtFile"/>
</testsuite> <!-- utility.ReadtxtFile -->
