<?xml version="1.0" encoding="UTF-8"?>
<!-- Generated by org.testng.reporters.JUnitReportReporter -->
<testsuite skipped="0" hostname="LINDEL00149" name="tests.Register_User_Unsucessful_PostRequest" tests="1" failures="0" timestamp="22 Apr 2020 14:30:05 GMT" time="2.644" errors="0">
  <testcase name="validate_User_Not_able_to_Register" time="2.644" classname="tests.Register_User_Unsucessful_PostRequest"/>
</testsuite> <!-- tests.Register_User_Unsucessful_PostRequest -->
