<?xml version="1.0" encoding="UTF-8"?>
<!-- Generated by org.testng.reporters.JUnitReportReporter -->
<testsuite skipped="0" hostname="LINDEL00149" name="tests.Login_User_UnSucess_PostRequest" tests="1" failures="0" timestamp="23 Apr 2020 06:58:05 GMT" time="5.942" errors="0">
  <testcase name="validate_User_Not_able_to_Login" time="5.942" classname="tests.Login_User_UnSucess_PostRequest"/>
</testsuite> <!-- tests.Login_User_UnSucess_PostRequest -->
