<?xml version="1.0" encoding="UTF-8"?>
<!-- Generated by org.testng.reporters.JUnitReportReporter -->
<testsuite skipped="0" hostname="LINDEL00149" name="tests.DeleteUser" tests="1" failures="0" timestamp="22 Apr 2020 18:43:34 GMT" time="9.957" errors="0">
  <testcase name="validate_delete_user" time="9.957" classname="tests.DeleteUser"/>
</testsuite> <!-- tests.DeleteUser -->
