<?xml version="1.0" encoding="UTF-8"?>
<!-- Generated by org.testng.reporters.JUnitReportReporter -->
<testsuite skipped="0" hostname="HTINL6284" name="Test_Validate.uomConversion" tests="1" failures="0" timestamp="10 Jul 2019 08:05:29 GMT" time="0.018" errors="0">
  <testcase name="massflow" time="0.018" classname="Test_Validate.uomConversion"/>
</testsuite> <!-- Test_Validate.uomConversion -->
