<?xml version="1.0" encoding="UTF-8"?>
<!-- Generated by org.testng.reporters.JUnitReportReporter -->
<testsuite skipped="0" hostname="LINDEL00149" name="tests.RegisterUser_Post" tests="1" failures="0" timestamp="22 Apr 2020 13:40:54 GMT" time="3.728" errors="0">
  <testcase name="TestRegister_Post" time="3.728" classname="tests.RegisterUser_Post"/>
</testsuite> <!-- tests.RegisterUser_Post -->
