<?xml version="1.0" encoding="UTF-8"?>
<!-- Generated by org.testng.reporters.JUnitReportReporter -->
<testsuite skipped="0" hostname="LINDEL00149" name="tests.Update_user" tests="1" failures="0" timestamp="22 Apr 2020 13:20:10 GMT" time="7.739" errors="0">
  <testcase name="update_user" time="7.739" classname="tests.Update_user"/>
</testsuite> <!-- tests.Update_user -->
