<?xml version="1.0" encoding="UTF-8"?>
<!-- Generated by org.testng.reporters.JUnitReportReporter -->
<testsuite skipped="0" hostname="HTINL6284" name="utility.Api" tests="1" failures="0" timestamp="11 Jul 2019 05:11:24 GMT" time="2.253" errors="0">
  <testcase name="getTagValue" time="2.253" classname="utility.Api"/>
</testsuite> <!-- utility.Api -->
