<?xml version="1.0" encoding="UTF-8"?>
<!-- Generated by org.testng.reporters.JUnitReportReporter -->
<testsuite skipped="0" hostname="LINDEL00149" name="tests.RegisterUser_Post_PostRequest" tests="1" failures="0" timestamp="23 Apr 2020 07:24:15 GMT" time="3.953" errors="0">
  <testcase name="validate_User_able_to_Register" time="3.953" classname="tests.RegisterUser_Post_PostRequest"/>
</testsuite> <!-- tests.RegisterUser_Post_PostRequest -->
