<?xml version="1.0" encoding="UTF-8"?>
<!-- Generated by org.testng.reporters.JUnitReportReporter -->
<testsuite skipped="0" hostname="LINDEL00149" name="tests.Login_User_UnSucess" tests="1" failures="0" timestamp="22 Apr 2020 10:39:29 GMT" time="1.990" errors="0">
  <testcase name="TestRegister_Post1" time="1.990" classname="tests.Login_User_UnSucess"/>
</testsuite> <!-- tests.Login_User_UnSucess -->
