<?xml version="1.0" encoding="UTF-8"?>
<!-- Generated by org.testng.reporters.JUnitReportReporter -->
<testsuite skipped="0" hostname="HTINL6284" name="utility.WriteTxtFile" tests="1" failures="0" timestamp="28 Jun 2019 15:34:47 GMT" time="0.021" errors="0">
  <testcase name="writeText" time="0.021" classname="utility.WriteTxtFile"/>
</testsuite> <!-- utility.WriteTxtFile -->
