<?xml version="1.0" encoding="UTF-8"?>
<!-- Generated by org.testng.reporters.JUnitReportReporter -->
<testsuite skipped="0" hostname="LINDEL00149" name="base.DB_Data_Validation" tests="1" failures="0" timestamp="05 Sep 2019 09:31:53 GMT" time="0.039" errors="0">
  <testcase name="Conversion_EpochtoUTC" time="0.039" classname="base.DB_Data_Validation"/>
</testsuite> <!-- base.DB_Data_Validation -->
