<?xml version="1.0" encoding="UTF-8"?>
<!-- Generated by org.testng.reporters.JUnitReportReporter -->
<testsuite skipped="0" hostname="LINDEL00149" name="tests.Login_User_Sucess_PostRequest" tests="1" failures="0" timestamp="22 Apr 2020 19:05:59 GMT" time="6.724" errors="0">
  <testcase name="validate_User_able_to_Login" time="6.724" classname="tests.Login_User_Sucess_PostRequest"/>
</testsuite> <!-- tests.Login_User_Sucess_PostRequest -->
